<?xml version="1.0" encoding="UTF-8"?>
<!-- Generated by org.testng.reporters.JUnitReportReporter -->
<testsuite hostname="DESKTOP-FOJBV87" name="testCases.TestWebServices" tests="1" failures="0" timestamp="6 Aug 2017 16:54:40 GMT" time="1.058" errors="0">
  <testcase name="WebServiceTesting" time="1.058" classname="testCases.TestWebServices"/>
</testsuite>
