<?xml version="1.0" encoding="UTF-8"?>
<!-- Generated by org.testng.reporters.JUnitReportReporter -->
<testsuite hostname="DESKTOP-FOJBV87" name="testCases.TestABCNews" tests="6" failures="0" timestamp="6 Aug 2017 18:44:29 GMT" time="86.536" errors="0">
  <testcase name="JustInMenuPageContentValidation" time="3.139" classname="testCases.TestABCNews"/>
  <testcase name="LoadJustInMenu" time="7.922" classname="testCases.TestABCNews"/>
  <testcase name="ABCNewsGallaryTest" time="29.885" classname="testCases.TestABCNews"/>
  <testcase name="ABCSNewsVideoTest" time="37.146" classname="testCases.TestABCNews"/>
  <testcase name="LaunchABCNewsAndValidate" time="7.290" classname="testCases.TestABCNews"/>
  <testcase name="ValidateABCNewsBanner" time="1.154" classname="testCases.TestABCNews"/>
</testsuite>
