<?xml version="1.0" encoding="UTF-8"?>
<!-- Generated by org.testng.reporters.JUnitReportReporter -->
<testsuite hostname="DESKTOP-FOJBV87" name="testCases.TestABCRadio" tests="7" failures="0" timestamp="6 Aug 2017 16:54:40 GMT" time="145.291" errors="0">
  <testcase name="DownloadAudioTest" time="15.380" classname="testCases.TestABCRadio"/>
  <testcase name="ListenAudioTest" time="18.731" classname="testCases.TestABCRadio"/>
  <testcase name="SocialMediaIconTest" time="53.429" classname="testCases.TestABCRadio"/>
  <testcase name="ValidateListenAudioTest" time="9.279" classname="testCases.TestABCRadio"/>
  <testcase name="ProgramGuideTest" time="20.629" classname="testCases.TestABCRadio"/>
  <testcase name="SearchContentAndValidate" time="11.271" classname="testCases.TestABCRadio"/>
  <testcase name="LaunchABCRadioAndValidate" time="16.572" classname="testCases.TestABCRadio"/>
</testsuite>
