<?xml version="1.0" encoding="UTF-8"?>
<!-- Generated by org.testng.reporters.JUnitReportReporter -->
<testsuite skipped="0" hostname="DESKTOP-FOJBV87" name="testCases.TestABCRadio" tests="7" failures="0" timestamp="06 Aug 2017 15:21:22 GMT" time="155.512" errors="0">
  <testcase name="LaunchABCRadioAndValidate" time="16.257" classname="testCases.TestABCRadio"/>
  <testcase name="ProgramGuideTest" time="20.575" classname="testCases.TestABCRadio"/>
  <testcase name="SearchContentAndValidate" time="15.067" classname="testCases.TestABCRadio"/>
  <testcase name="SocialMediaIconTest" time="55.760" classname="testCases.TestABCRadio"/>
  <testcase name="DownloadAudioTest" time="16.895" classname="testCases.TestABCRadio"/>
  <testcase name="ListenAudioTest" time="21.744" classname="testCases.TestABCRadio"/>
  <testcase name="ValidateListenAudioTest" time="9.214" classname="testCases.TestABCRadio"/>
</testsuite> <!-- testCases.TestABCRadio -->
