<?xml version="1.0" encoding="UTF-8"?>
<!-- Generated by org.testng.reporters.JUnitReportReporter -->
<testsuite skipped="0" hostname="DESKTOP-FOJBV87" name="testCases.TestWebServices" tests="1" failures="0" timestamp="06 Aug 2017 15:21:22 GMT" time="1.508" errors="0">
  <testcase name="WebServiceTesting" time="1.508" classname="testCases.TestWebServices"/>
</testsuite> <!-- testCases.TestWebServices -->
