<?xml version="1.0" encoding="UTF-8"?>
<!-- Generated by org.testng.reporters.JUnitReportReporter -->
<testsuite skipped="0" hostname="DESKTOP-FOJBV87" name="testCases.TestCaseOne" tests="1" failures="0" timestamp="05 Aug 2017 11:48:58 GMT" time="4.869" errors="0">
  <testcase name="testOne" time="4.869" classname="testCases.TestCaseOne"/>
</testsuite> <!-- testCases.TestCaseOne -->
