<?xml version="1.0" encoding="UTF-8"?>
<!-- Generated by org.testng.reporters.JUnitReportReporter -->
<testsuite skipped="0" hostname="DESKTOP-FOJBV87" name="testCases.TestOne" tests="1" failures="0" timestamp="05 Aug 2017 14:45:00 GMT" time="29.649" errors="0">
  <testcase name="validateImages" time="29.649" classname="testCases.TestOne"/>
</testsuite> <!-- testCases.TestOne -->
