<?xml version="1.0" encoding="UTF-8"?>
<!-- Generated by org.testng.reporters.JUnitReportReporter -->
<testsuite skipped="0" hostname="DESKTOP-FOJBV87" name="testCases.TestABCNews" tests="6" failures="0" timestamp="06 Aug 2017 15:21:22 GMT" time="98.340" errors="0">
  <testcase name="LaunchABCNewsAndValidate" time="10.814" classname="testCases.TestABCNews"/>
  <testcase name="ValidateABCNewsBanner" time="1.403" classname="testCases.TestABCNews"/>
  <testcase name="LoadJustInMenu" time="8.579" classname="testCases.TestABCNews"/>
  <testcase name="JustInMenuPageContentValidation" time="2.994" classname="testCases.TestABCNews"/>
  <testcase name="ABCSNewsVideoTest" time="40.220" classname="testCases.TestABCNews"/>
  <testcase name="ABCNewsGallaryTest" time="34.330" classname="testCases.TestABCNews"/>
</testsuite> <!-- testCases.TestABCNews -->
